#
# There is insufficient memory for the Java Runtime Environment to continue.
# Native memory allocation (mmap) failed to map 68157440 bytes for committing reserved memory.
# Possible reasons:
#   The system is out of physical RAM or swap space
#   In 32 bit mode, the process size limit was hit
# Possible solutions:
#   Reduce memory load on the system
#   Increase physical memory or swap space
#   Check if swap backing store is full
#   Use 64 bit Java on a 64 bit OS
#   Decrease Java heap size (-Xmx/-Xms)
#   Decrease number of Java threads
#   Decrease Java thread stack sizes (-Xss)
#   Set larger code cache with -XX:ReservedCodeCacheSize=
# This output file may be truncated or incomplete.
#
#  Out of Memory Error (os_linux.cpp:2627), pid=2286, tid=139642793776896
#
# JRE version: Java(TM) SE Runtime Environment (8.0_60-b27) (build 1.8.0_60-b27)
# Java VM: Java HotSpot(TM) 64-Bit Server VM (25.60-b23 mixed mode linux-amd64 compressed oops)
# Failed to write core dump. Core dumps have been disabled. To enable core dumping, try "ulimit -c unlimited" before starting Java again
#

---------------  T H R E A D  ---------------

Current thread (0x00007f0134073800):  VMThread [stack: 0x00007f011f0e5000,0x00007f011f1e6000] [id=2293]

Stack: [0x00007f011f0e5000,0x00007f011f1e6000],  sp=0x00007f011f1e4130,  free space=1020k
Native frames: (J=compiled Java code, j=interpreted, Vv=VM code, C=native code)
V  [libjvm.so+0xab97ea]  VMError::report_and_die()+0x2ba
V  [libjvm.so+0x4f9dab]  report_vm_out_of_memory(char const*, int, unsigned long, VMErrorType, char const*)+0x8b
V  [libjvm.so+0x91a7c3]  os::Linux::commit_memory_impl(char*, unsigned long, bool)+0x103
V  [libjvm.so+0x91ad19]  os::pd_commit_memory(char*, unsigned long, unsigned long, bool)+0x29
V  [libjvm.so+0x91502a]  os::commit_memory(char*, unsigned long, unsigned long, bool)+0x2a
V  [libjvm.so+0x9886d3]  PSVirtualSpace::expand_by(unsigned long)+0x53
V  [libjvm.so+0x989ad8]  PSYoungGen::resize_generation(unsigned long, unsigned long)+0xf8
V  [libjvm.so+0x988c32]  PSYoungGen::resize(unsigned long, unsigned long)+0x22
V  [libjvm.so+0x985f0b]  PSScavenge::invoke_no_policy()+0xf3b
V  [libjvm.so+0x9811b5]  PSParallelCompact::invoke(bool)+0x85
V  [libjvm.so+0xabb348]  VM_ParallelGCSystemGC::doit()+0xa8
V  [libjvm.so+0xac2c35]  VM_Operation::evaluate()+0x55
V  [libjvm.so+0xac100a]  VMThread::evaluate_operation(VM_Operation*)+0xba
V  [libjvm.so+0xac138e]  VMThread::loop()+0x1ce
V  [libjvm.so+0xac1800]  VMThread::run()+0x70
V  [libjvm.so+0x91cb88]  java_start(Thread*)+0x108

VM_Operation (0x00007f013b3f3870): ParallelGCSystemGC, mode: safepoint, requested by thread 0x00007f013400a000


---------------  P R O C E S S  ---------------

Java Threads: ( => current thread )
  0x00007f01340b9800 JavaThread "Service Thread" daemon [_thread_blocked, id=2299, stack(0x00007f011e814000,0x00007f011e915000)]
  0x00007f01340b5000 JavaThread "C1 CompilerThread1" daemon [_thread_blocked, id=2298, stack(0x00007f011e915000,0x00007f011ea16000)]
  0x00007f01340b2000 JavaThread "C2 CompilerThread0" daemon [_thread_blocked, id=2297, stack(0x00007f011ea16000,0x00007f011eb17000)]
  0x00007f01340b0800 JavaThread "Signal Dispatcher" daemon [_thread_blocked, id=2296, stack(0x00007f011eb17000,0x00007f011ec18000)]
  0x00007f013407a800 JavaThread "Finalizer" daemon [_thread_blocked, id=2295, stack(0x00007f011eee3000,0x00007f011efe4000)]
  0x00007f0134078800 JavaThread "Reference Handler" daemon [_thread_blocked, id=2294, stack(0x00007f011efe4000,0x00007f011f0e5000)]
  0x00007f013400a000 JavaThread "main" [_thread_blocked, id=2290, stack(0x00007f013b2f5000,0x00007f013b3f6000)]

Other Threads:
=>0x00007f0134073800 VMThread [stack: 0x00007f011f0e5000,0x00007f011f1e6000] [id=2293]
  0x00007f01340bc800 WatcherThread [stack: 0x00007f011e713000,0x00007f011e814000] [id=2300]

VM state:at safepoint (normal execution)

VM Mutex/Monitor currently owned by a thread:  ([mutex/lock_event])
[0x00007f0134006090] Threads_lock - owner thread: 0x00007f0134073800
[0x00007f0134006590] Heap_lock - owner thread: 0x00007f013400a000

Heap:
 PSYoungGen      total 201728K, used 19946K [0x00000000d6700000, 0x00000000e4180000, 0x0000000100000000)
  eden space 181760K, 0% used [0x00000000d6700000,0x00000000d6700000,0x00000000e1880000)
  from space 19968K, 99% used [0x00000000e1a80000,0x00000000e2dfabf8,0x00000000e2e00000)
  to   space 17408K, 0% used [0x00000000e3080000,0x00000000e3080000,0x00000000e4180000)
 ParOldGen       total 111104K, used 35764K [0x0000000083400000, 0x000000008a080000, 0x00000000d6700000)
  object space 111104K, 32% used [0x0000000083400000,0x00000000856ed2a0,0x000000008a080000)
 Metaspace       used 39069K, capacity 39870K, committed 40192K, reserved 1085440K
  class space    used 4641K, capacity 4862K, committed 4864K, reserved 1048576K

Card table byte_map: [0x00007f0124c19000,0x00007f0125000000] byte_map_base: 0x00007f01247ff000

Marking Bits: (ParMarkBitMap*) 0x00007f013a7b9de0
 Begin Bits: [0x00007f012091d000, 0x00007f012284d000)
 End Bits:   [0x00007f012284d000, 0x00007f012477d000)

Polling page: 0x00007f013b401000

CodeCache: size=245760Kb used=18702Kb max_used=18712Kb free=227057Kb
 bounds [0x00007f0125000000, 0x00007f0126260000, 0x00007f0134000000]
 total_blobs=6589 nmethods=6117 adapters=385
 compilation: enabled

Compilation events (10 events):
Event: 90.629 Thread 0x00007f01340b2000 7291 %     4       org.apache.http.util.ByteArrayBuffer::append @ 119 (154 bytes)
Event: 90.629 Thread 0x00007f01340b5000 7294       3       org.apache.http.util.CharArrayBuffer::clear (6 bytes)
Event: 90.630 Thread 0x00007f01340b5000 nmethod 7294 0x00007f0126250450 code [0x00007f01262505a0, 0x00007f01262506f0]
Event: 90.630 Thread 0x00007f01340b5000 7292       3       sun.security.ssl.OutputRecord::encrypt (198 bytes)
Event: 90.630 Thread 0x00007f01340b5000 nmethod 7292 0x00007f0126250790 code [0x00007f01262509c0, 0x00007f0126251a58]
Event: 90.631 Thread 0x00007f01340b5000 7293       3       sun.security.ssl.OutputRecord::write (537 bytes)
Event: 90.632 Thread 0x00007f01340b5000 nmethod 7293 0x00007f0126251e90 code [0x00007f0126252200, 0x00007f0126254588]
Event: 90.634 Thread 0x00007f01340b2000 nmethod 7291% 0x00007f0126258510 code [0x00007f0126258680, 0x00007f0126258998]
Event: 90.685 Thread 0x00007f01340b5000 7295       3       java.io.PrintStream::ensureOpen (18 bytes)
Event: 90.685 Thread 0x00007f01340b5000 nmethod 7295 0x00007f0126258090 code [0x00007f0126258200, 0x00007f0126258448]

GC Heap History (10 events):
Event: 4.109 GC heap after
Heap after GC invocations=6 (full 0):
 PSYoungGen      total 133120K, used 10227K [0x00000000d6700000, 0x00000000e0b00000, 0x0000000100000000)
  eden space 122880K, 0% used [0x00000000d6700000,0x00000000d6700000,0x00000000ddf00000)
  from space 10240K, 99% used [0x00000000df100000,0x00000000dfafcff0,0x00000000dfb00000)
  to   space 18432K, 0% used [0x00000000ddf00000,0x00000000ddf00000,0x00000000df100000)
 ParOldGen       total 86016K, used 23519K [0x0000000083400000, 0x0000000088800000, 0x00000000d6700000)
  object space 86016K, 27% used [0x0000000083400000,0x0000000084af7fc8,0x0000000088800000)
 Metaspace       used 20636K, capacity 21120K, committed 21296K, reserved 1069056K
  class space    used 2448K, capacity 2586K, committed 2688K, reserved 1048576K
}
Event: 4.109 GC heap before
{Heap before GC invocations=7 (full 1):
 PSYoungGen      total 133120K, used 10227K [0x00000000d6700000, 0x00000000e0b00000, 0x0000000100000000)
  eden space 122880K, 0% used [0x00000000d6700000,0x00000000d6700000,0x00000000ddf00000)
  from space 10240K, 99% used [0x00000000df100000,0x00000000dfafcff0,0x00000000dfb00000)
  to   space 18432K, 0% used [0x00000000ddf00000,0x00000000ddf00000,0x00000000df100000)
 ParOldGen       total 86016K, used 23519K [0x0000000083400000, 0x0000000088800000, 0x00000000d6700000)
  object space 86016K, 27% used [0x0000000083400000,0x0000000084af7fc8,0x0000000088800000)
 Metaspace       used 20636K, capacity 21120K, committed 21296K, reserved 1069056K
  class space    used 2448K, capacity 2586K, committed 2688K, reserved 1048576K
Event: 4.275 GC heap after
Heap after GC invocations=7 (full 1):
 PSYoungGen      total 133120K, used 0K [0x00000000d6700000, 0x00000000e0b00000, 0x0000000100000000)
  eden space 122880K, 0% used [0x00000000d6700000,0x00000000d6700000,0x00000000ddf00000)
  from space 10240K, 0% used [0x00000000df100000,0x00000000df100000,0x00000000dfb00000)
  to   space 18432K, 0% used [0x00000000ddf00000,0x00000000ddf00000,0x00000000df100000)
 ParOldGen       total 86528K, used 30325K [0x0000000083400000, 0x0000000088880000, 0x00000000d6700000)
  object space 86528K, 35% used [0x0000000083400000,0x000000008519d748,0x0000000088880000)
 Metaspace       used 20636K, capacity 21120K, committed 21296K, reserved 1069056K
  class space    used 2448K, capacity 2586K, committed 2688K, reserved 1048576K
}
Event: 8.768 GC heap before
{Heap before GC invocations=8 (full 1):
 PSYoungGen      total 133120K, used 122880K [0x00000000d6700000, 0x00000000e0b00000, 0x0000000100000000)
  eden space 122880K, 100% used [0x00000000d6700000,0x00000000ddf00000,0x00000000ddf00000)
  from space 10240K, 0% used [0x00000000df100000,0x00000000df100000,0x00000000dfb00000)
  to   space 18432K, 0% used [0x00000000ddf00000,0x00000000ddf00000,0x00000000df100000)
 ParOldGen       total 86528K, used 30325K [0x0000000083400000, 0x0000000088880000, 0x00000000d6700000)
  object space 86528K, 35% used [0x0000000083400000,0x000000008519d748,0x0000000088880000)
 Metaspace       used 25803K, capacity 26410K, committed 26496K, reserved 1073152K
  class space    used 3018K, capacity 3188K, committed 3200K, reserved 1048576K
Event: 8.795 GC heap after
Heap after GC invocations=8 (full 1):
 PSYoungGen      total 141312K, used 9563K [0x00000000d6700000, 0x00000000e4180000, 0x0000000100000000)
  eden space 122880K, 0% used [0x00000000d6700000,0x00000000d6700000,0x00000000ddf00000)
  from space 18432K, 51% used [0x00000000ddf00000,0x00000000de856e90,0x00000000df100000)
  to   space 17408K, 0% used [0x00000000e3080000,0x00000000e3080000,0x00000000e4180000)
 ParOldGen       total 86528K, used 30333K [0x0000000083400000, 0x0000000088880000, 0x00000000d6700000)
  object space 86528K, 35% used [0x0000000083400000,0x000000008519f748,0x0000000088880000)
 Metaspace       used 25803K, capacity 26410K, committed 26496K, reserved 1073152K
  class space    used 3018K, capacity 3188K, committed 3200K, reserved 1048576K
}
Event: 13.400 GC heap before
{Heap before GC invocations=9 (full 1):
 PSYoungGen      total 141312K, used 131466K [0x00000000d6700000, 0x00000000e4180000, 0x0000000100000000)
  eden space 122880K, 99% used [0x00000000d6700000,0x00000000dde0b9c0,0x00000000ddf00000)
  from space 18432K, 51% used [0x00000000ddf00000,0x00000000de856e90,0x00000000df100000)
  to   space 17408K, 0% used [0x00000000e3080000,0x00000000e3080000,0x00000000e4180000)
 ParOldGen       total 86528K, used 30333K [0x0000000083400000, 0x0000000088880000, 0x00000000d6700000)
  object space 86528K, 35% used [0x0000000083400000,0x000000008519f748,0x0000000088880000)
 Metaspace       used 34547K, capacity 35316K, committed 35496K, reserved 1081344K
  class space    used 4115K, capacity 4336K, committed 4352K, reserved 1048576K
Event: 13.439 GC heap after
Heap after GC invocations=9 (full 1):
 PSYoungGen      total 199168K, used 17386K [0x00000000d6700000, 0x00000000e4180000, 0x0000000100000000)
  eden space 181760K, 0% used [0x00000000d6700000,0x00000000d6700000,0x00000000e1880000)
  from space 17408K, 99% used [0x00000000e3080000,0x00000000e417a930,0x00000000e4180000)
  to   space 19968K, 0% used [0x00000000e1a80000,0x00000000e1a80000,0x00000000e2e00000)
 ParOldGen       total 86528K, used 31040K [0x0000000083400000, 0x0000000088880000, 0x00000000d6700000)
  object space 86528K, 35% used [0x0000000083400000,0x0000000085250320,0x0000000088880000)
 Metaspace       used 34547K, capacity 35316K, committed 35496K, reserved 1081344K
  class space    used 4115K, capacity 4336K, committed 4352K, reserved 1048576K
}
Event: 13.439 GC heap before
{Heap before GC invocations=10 (full 2):
 PSYoungGen      total 199168K, used 17386K [0x00000000d6700000, 0x00000000e4180000, 0x0000000100000000)
  eden space 181760K, 0% used [0x00000000d6700000,0x00000000d6700000,0x00000000e1880000)
  from space 17408K, 99% used [0x00000000e3080000,0x00000000e417a930,0x00000000e4180000)
  to   space 19968K, 0% used [0x00000000e1a80000,0x00000000e1a80000,0x00000000e2e00000)
 ParOldGen       total 86528K, used 31040K [0x0000000083400000, 0x0000000088880000, 0x00000000d6700000)
  object space 86528K, 35% used [0x0000000083400000,0x0000000085250320,0x0000000088880000)
 Metaspace       used 34547K, capacity 35316K, committed 35496K, reserved 1081344K
  class space    used 4115K, capacity 4336K, committed 4352K, reserved 1048576K
Event: 13.577 GC heap after
Heap after GC invocations=10 (full 2):
 PSYoungGen      total 199168K, used 0K [0x00000000d6700000, 0x00000000e4180000, 0x0000000100000000)
  eden space 181760K, 0% used [0x00000000d6700000,0x00000000d6700000,0x00000000e1880000)
  from space 17408K, 0% used [0x00000000e3080000,0x00000000e3080000,0x00000000e4180000)
  to   space 19968K, 0% used [0x00000000e1a80000,0x00000000e1a80000,0x00000000e2e00000)
 ParOldGen       total 111104K, used 34813K [0x0000000083400000, 0x000000008a080000, 0x00000000d6700000)
  object space 111104K, 31% used [0x0000000083400000,0x00000000855ff408,0x000000008a080000)
 Metaspace       used 34547K, capacity 35316K, committed 35496K, reserved 1081344K
  class space    used 4115K, capacity 4336K, committed 4352K, reserved 1048576K
}
Event: 90.687 GC heap before
{Heap before GC invocations=11 (full 2):
 PSYoungGen      total 199168K, used 87383K [0x00000000d6700000, 0x00000000e4180000, 0x0000000100000000)
  eden space 181760K, 48% used [0x00000000d6700000,0x00000000dbc55c98,0x00000000e1880000)
  from space 17408K, 0% used [0x00000000e3080000,0x00000000e3080000,0x00000000e4180000)
  to   space 19968K, 0% used [0x00000000e1a80000,0x00000000e1a80000,0x00000000e2e00000)
 ParOldGen       total 111104K, used 34813K [0x0000000083400000, 0x000000008a080000, 0x00000000d6700000)
  object space 111104K, 31% used [0x0000000083400000,0x00000000855ff408,0x000000008a080000)
 Metaspace       used 39069K, capacity 39870K, committed 40192K, reserved 1085440K
  class space    used 4641K, capacity 4862K, committed 4864K, reserved 1048576K

Deoptimization events (10 events):
Event: 16.986 Thread 0x00007f013400a000 Uncommon trap: reason=unstable_if action=reinterpret pc=0x00007f0125546500 method=sun.util.calendar.CalendarDate.setMillis(I)Lsun/util/calendar/CalendarDate; @ 5
Event: 34.053 Thread 0x00007f013400a000 Uncommon trap: reason=predicate action=maybe_recompile pc=0x00007f012620a8cc method=java.util.regex.Pattern$SliceI.match(Ljava/util/regex/Matcher;ILjava/lang/CharSequence;)Z @ 21
Event: 34.063 Thread 0x00007f013400a000 Uncommon trap: reason=bimorphic action=maybe_recompile pc=0x00007f0125fdbbd0 method=java.security.MessageDigest$Delegate.engineUpdate([BII)V @ 7
Event: 34.063 Thread 0x00007f013400a000 Uncommon trap: reason=bimorphic action=maybe_recompile pc=0x00007f0125fdbbd0 method=java.security.MessageDigest$Delegate.engineUpdate([BII)V @ 7
Event: 34.063 Thread 0x00007f013400a000 Uncommon trap: reason=bimorphic action=maybe_recompile pc=0x00007f0125fdbbd0 method=java.security.MessageDigest$Delegate.engineUpdate([BII)V @ 7
Event: 90.385 Thread 0x00007f013400a000 Uncommon trap: reason=unstable_if action=reinterpret pc=0x00007f0125f4afa0 method=java.io.BufferedOutputStream.write([BII)V @ 6
Event: 90.685 Thread 0x00007f013400a000 Uncommon trap: reason=class_check action=maybe_recompile pc=0x00007f01253415b8 method=java.lang.AbstractStringBuilder.append(Ljava/lang/CharSequence;)Ljava/lang/AbstractStringBuilder; @ 37
Event: 90.685 Thread 0x00007f013400a000 Uncommon trap: reason=class_check action=maybe_recompile pc=0x00007f01253415b8 method=java.lang.AbstractStringBuilder.append(Ljava/lang/CharSequence;)Ljava/lang/AbstractStringBuilder; @ 37
Event: 90.685 Thread 0x00007f013400a000 Uncommon trap: reason=class_check action=maybe_recompile pc=0x00007f01253415b8 method=java.lang.AbstractStringBuilder.append(Ljava/lang/CharSequence;)Ljava/lang/AbstractStringBuilder; @ 37
Event: 90.685 Thread 0x00007f013400a000 Uncommon trap: reason=class_check action=maybe_recompile pc=0x00007f01253415b8 method=java.lang.AbstractStringBuilder.append(Ljava/lang/CharSequence;)Ljava/lang/AbstractStringBuilder; @ 37

Internal exceptions (10 events):
Event: 17.286 Thread 0x00007f013400a000 Exception <a 'java/net/SocketTimeoutException': Read timed out> (0x00000000db133c68) thrown at [/HUDSON/workspace/8-2-build-linux-amd64/jdk8u60/4407/hotspot/src/share/vm/prims/jni.cpp, line 735]
Event: 32.560 Thread 0x00007f013400a000 Exception <a 'java/net/SocketTimeoutException': Read timed out> (0x00000000db610be8) thrown at [/HUDSON/workspace/8-2-build-linux-amd64/jdk8u60/4407/hotspot/src/share/vm/prims/jni.cpp, line 735]
Event: 32.610 Thread 0x00007f013400a000 Exception <a 'java/net/SocketTimeoutException': Read timed out> (0x00000000db6328d8) thrown at [/HUDSON/workspace/8-2-build-linux-amd64/jdk8u60/4407/hotspot/src/share/vm/prims/jni.cpp, line 735]
Event: 32.676 Thread 0x00007f013400a000 Exception <a 'java/net/SocketTimeoutException': Read timed out> (0x00000000db640c20) thrown at [/HUDSON/workspace/8-2-build-linux-amd64/jdk8u60/4407/hotspot/src/share/vm/prims/jni.cpp, line 735]
Event: 32.718 Thread 0x00007f013400a000 Exception <a 'java/net/SocketTimeoutException': Read timed out> (0x00000000db668730) thrown at [/HUDSON/workspace/8-2-build-linux-amd64/jdk8u60/4407/hotspot/src/share/vm/prims/jni.cpp, line 735]
Event: 32.783 Thread 0x00007f013400a000 Exception <a 'java/net/SocketTimeoutException': Read timed out> (0x00000000db6b05b8) thrown at [/HUDSON/workspace/8-2-build-linux-amd64/jdk8u60/4407/hotspot/src/share/vm/prims/jni.cpp, line 735]
Event: 90.465 Thread 0x00007f013400a000 Exception <a 'java/net/SocketTimeoutException': Read timed out> (0x00000000db8dc290) thrown at [/HUDSON/workspace/8-2-build-linux-amd64/jdk8u60/4407/hotspot/src/share/vm/prims/jni.cpp, line 735]
Event: 90.491 Thread 0x00007f013400a000 Exception <a 'java/net/SocketTimeoutException': Read timed out> (0x00000000db9066f8) thrown at [/HUDSON/workspace/8-2-build-linux-amd64/jdk8u60/4407/hotspot/src/share/vm/prims/jni.cpp, line 735]
Event: 90.533 Thread 0x00007f013400a000 Exception <a 'java/net/SocketTimeoutException': Read timed out> (0x00000000db927658) thrown at [/HUDSON/workspace/8-2-build-linux-amd64/jdk8u60/4407/hotspot/src/share/vm/prims/jni.cpp, line 735]
Event: 90.629 Thread 0x00007f013400a000 Exception <a 'java/net/SocketTimeoutException': Read timed out> (0x00000000db947e10) thrown at [/HUDSON/workspace/8-2-build-linux-amd64/jdk8u60/4407/hotspot/src/share/vm/prims/jni.cpp, line 735]

Events (10 events):
Event: 90.685 Thread 0x00007f013400a000 Uncommon trap: trap_request=0xffffffde fr.pc=0x00007f01253415b8
Event: 90.685 Thread 0x00007f013400a000 DEOPT PACKING pc=0x00007f01253415b8 sp=0x00007f013b3f3440
Event: 90.685 Thread 0x00007f013400a000 DEOPT UNPACKING pc=0x00007f0125004f69 sp=0x00007f013b3f3420 mode 2
Event: 90.685 Thread 0x00007f013400a000 Uncommon trap: trap_request=0xffffffde fr.pc=0x00007f01253415b8
Event: 90.685 Thread 0x00007f013400a000 DEOPT PACKING pc=0x00007f01253415b8 sp=0x00007f013b3f3440
Event: 90.685 Thread 0x00007f013400a000 DEOPT UNPACKING pc=0x00007f0125004f69 sp=0x00007f013b3f3420 mode 2
Event: 90.685 Thread 0x00007f013400a000 Uncommon trap: trap_request=0xffffffde fr.pc=0x00007f01253415b8
Event: 90.685 Thread 0x00007f013400a000 DEOPT PACKING pc=0x00007f01253415b8 sp=0x00007f013b3f3440
Event: 90.685 Thread 0x00007f013400a000 DEOPT UNPACKING pc=0x00007f0125004f69 sp=0x00007f013b3f3420 mode 2
Event: 90.686 Executing VM operation: ParallelGCSystemGC


Dynamic libraries:
00400000-00401000 r-xp 00000000 ca:01 821678                             /usr/lib/jvm/java-8-oracle/bin/java
00600000-00601000 rw-p 00000000 ca:01 821678                             /usr/lib/jvm/java-8-oracle/bin/java
0179f000-017c0000 rw-p 00000000 00:00 0                                  [heap]
83400000-8a080000 rw-p 00000000 00:00 0 
8a080000-d6700000 ---p 00000000 00:00 0 
d6700000-e4180000 rw-p 00000000 00:00 0 
e8280000-100000000 ---p 00000000 00:00 0 
100000000-1004c0000 rw-p 00000000 00:00 0 
1004c0000-140000000 ---p 00000000 00:00 0 
7f00f0000000-7f00f0021000 rw-p 00000000 00:00 0 
7f00f0021000-7f00f4000000 ---p 00000000 00:00 0 
7f00f79e5000-7f00f7a65000 rw-p 00000000 00:00 0 
7f00f7a65000-7f00f7be5000 ---p 00000000 00:00 0 
7f00f7be5000-7f00f7de5000 rw-p 00000000 00:00 0 
7f00f7de5000-7f00f7dfc000 r-xp 00000000 ca:01 441925                     /lib/x86_64-linux-gnu/libresolv-2.19.so
7f00f7dfc000-7f00f7ffc000 ---p 00017000 ca:01 441925                     /lib/x86_64-linux-gnu/libresolv-2.19.so
7f00f7ffc000-7f00f7ffd000 r--p 00017000 ca:01 441925                     /lib/x86_64-linux-gnu/libresolv-2.19.so
7f00f7ffd000-7f00f7ffe000 rw-p 00018000 ca:01 441925                     /lib/x86_64-linux-gnu/libresolv-2.19.so
7f00f7ffe000-7f00f8000000 rw-p 00000000 00:00 0 
7f00f8000000-7f00f91b5000 rw-p 00000000 00:00 0 
7f00f91b5000-7f00fc000000 ---p 00000000 00:00 0 
7f00fc000000-7f00fc021000 rw-p 00000000 00:00 0 
7f00fc021000-7f0100000000 ---p 00000000 00:00 0 
7f0100000000-7f0100021000 rw-p 00000000 00:00 0 
7f0100021000-7f0104000000 ---p 00000000 00:00 0 
7f0104000000-7f0105af9000 rw-p 00000000 00:00 0 
7f0105af9000-7f0108000000 ---p 00000000 00:00 0 
7f0108000000-7f0108021000 rw-p 00000000 00:00 0 
7f0108021000-7f010c000000 ---p 00000000 00:00 0 
7f010c000000-7f010c021000 rw-p 00000000 00:00 0 
7f010c021000-7f0110000000 ---p 00000000 00:00 0 
7f0110000000-7f011002c000 rw-p 00000000 00:00 0 
7f011002c000-7f0114000000 ---p 00000000 00:00 0 
7f0114000000-7f011428b000 rw-p 00000000 00:00 0 
7f011428b000-7f0118000000 ---p 00000000 00:00 0 
7f0118000000-7f0118021000 rw-p 00000000 00:00 0 
7f0118021000-7f011c000000 ---p 00000000 00:00 0 
7f011c10a000-7f011c10f000 r-xp 00000000 ca:01 441933                     /lib/x86_64-linux-gnu/libnss_dns-2.19.so
7f011c10f000-7f011c30e000 ---p 00005000 ca:01 441933                     /lib/x86_64-linux-gnu/libnss_dns-2.19.so
7f011c30e000-7f011c30f000 r--p 00004000 ca:01 441933                     /lib/x86_64-linux-gnu/libnss_dns-2.19.so
7f011c30f000-7f011c310000 rw-p 00005000 ca:01 441933                     /lib/x86_64-linux-gnu/libnss_dns-2.19.so
7f011c310000-7f011c510000 rw-p 00000000 00:00 0 
7f011c510000-7f011c710000 rw-p 00000000 00:00 0 
7f011c710000-7f011c726000 r-xp 00000000 ca:01 396027                     /lib/x86_64-linux-gnu/libgcc_s.so.1
7f011c726000-7f011c925000 ---p 00016000 ca:01 396027                     /lib/x86_64-linux-gnu/libgcc_s.so.1
7f011c925000-7f011c926000 rw-p 00015000 ca:01 396027                     /lib/x86_64-linux-gnu/libgcc_s.so.1
7f011c926000-7f011c958000 r-xp 00000000 ca:01 821748                     /usr/lib/jvm/java-8-oracle/jre/lib/amd64/libsunec.so
7f011c958000-7f011cb57000 ---p 00032000 ca:01 821748                     /usr/lib/jvm/java-8-oracle/jre/lib/amd64/libsunec.so
7f011cb57000-7f011cb5d000 rw-p 00031000 ca:01 821748                     /usr/lib/jvm/java-8-oracle/jre/lib/amd64/libsunec.so
7f011cb5d000-7f011cd6d000 rw-p 00000000 00:00 0 
7f011cd6d000-7f011cf6d000 rw-p 00000000 00:00 0 
7f011cf6d000-7f011d16d000 rw-p 00000000 00:00 0 
7f011d16d000-7f011d36d000 rw-p 00000000 00:00 0 
7f011d36d000-7f011d56d000 rw-p 00000000 00:00 0 
7f011d5cd000-7f011d5ce000 rw-p 00000000 00:00 0 
7f011d5ce000-7f011d5d4000 r--s 0003f000 ca:01 821818                     /usr/lib/jvm/java-8-oracle/jre/lib/ext/sunjce_provider.jar
7f011d5d4000-7f011d5e7000 r--s 00344000 ca:01 821892                     /usr/lib/jvm/java-8-oracle/jre/lib/resources.jar
7f011d5e7000-7f011d5e8000 r--s 00009000 ca:01 821819                     /usr/lib/jvm/java-8-oracle/jre/lib/ext/sunec.jar
7f011d5e8000-7f011d5ec000 r--s 0003a000 ca:01 821811                     /usr/lib/jvm/java-8-oracle/jre/lib/ext/sunpkcs11.jar
7f011d5ec000-7f011d5ef000 r--s 0001a000 ca:01 821827                     /usr/lib/jvm/java-8-oracle/jre/lib/jce.jar
7f011d5ef000-7f011d5f5000 r--s 002f8000 ca:01 821822                     /usr/lib/jvm/java-8-oracle/jre/lib/charsets.jar
7f011d5f5000-7f011d5fc000 r--s 0005e000 ca:01 527074                     /usr/share/cronos/files/.m2/org/apache/commons/commons-lang3/3.3.2/commons-lang3-3.3.2.jar
7f011d5fc000-7f011d604000 r--s 0008a000 ca:01 1183574                    /usr/share/cronos/files/.m2/com/google/protobuf/protobuf-java/2.6.1/protobuf-java-2.6.1.jar
7f011d604000-7f011d606000 r--s 00009000 ca:01 525729                     /usr/share/cronos/files/.m2/org/apache/tomcat/tomcat-juli/8.0.15/tomcat-juli-8.0.15.jar
7f011d606000-7f011d62b000 r--s 0028d000 ca:01 525724                     /usr/share/cronos/files/.m2/org/apache/tomcat/embed/tomcat-embed-core/8.0.15/tomcat-embed-core-8.0.15.jar
7f011d62b000-7f011d630000 r--s 00034000 ca:01 525716                     /usr/share/cronos/files/.m2/org/apache/tomcat/embed/tomcat-embed-websocket/8.0.15/tomcat-embed-websocket-8.0.15.jar
7f011d630000-7f011d632000 r--s 00007000 ca:01 1183368                    /usr/share/cronos/files/.m2/com/fasterxml/jackson/core/jackson-annotations/2.3.0/jackson-annotations-2.3.0.jar
7f011d632000-7f011d643000 r--s 000cf000 ca:01 1183325                    /usr/share/cronos/files/.m2/com/fasterxml/jackson/core/jackson-databind/2.3.3/jackson-databind-2.3.3.jar
7f011d643000-7f011d646000 r--s 0002e000 ca:01 1183272                    /usr/share/cronos/files/.m2/com/fasterxml/jackson/core/jackson-core/2.3.3/jackson-core-2.3.3.jar
7f011d646000-7f011d64a000 r--s 00020000 ca:01 1184031                    /usr/share/cronos/files/.m2/com/esotericsoftware/yamlbeans/yamlbeans/1.06/yamlbeans-1.06.jar
7f011d64a000-7f011d64d000 r--s 00025000 ca:01 1184643                    /usr/share/cronos/files/.m2/commons-io/commons-io/2.1/commons-io-2.1.jar
7f011d64d000-7f011d64f000 r--s 0000e000 ca:01 399789                     /usr/share/cronos/files/.m2/commons-logging/commons-logging/1.1.3/commons-logging-1.1.3.jar
7f011d64f000-7f011d656000 r--s 0003f000 ca:01 1179871                    /usr/share/cronos/files/.m2/org/apache/httpcomponents/httpcore/4.3.3/httpcore-4.3.3.jar
7f011d656000-7f011d662000 r--s 00085000 ca:01 1180195                    /usr/share/cronos/files/.m2/org/apache/httpcomponents/httpclient/4.3.6/httpclient-4.3.6.jar
7f011d662000-7f011d666000 r--s 00035000 ca:01 398825                     /usr/share/cronos/files/.m2/org/codehaus/jackson/jackson-core-asl/1.9.13/jackson-core-asl-1.9.13.jar
7f011d666000-7f011d674000 r--s 000b1000 ca:01 398769                     /usr/share/cronos/files/.m2/org/codehaus/jackson/jackson-mapper-asl/1.9.13/jackson-mapper-asl-1.9.13.jar
7f011d674000-7f011d67a000 r--s 00033000 ca:01 1182512                    /usr/share/cronos/files/.m2/commons-codec/commons-codec/1.6/commons-codec-1.6.jar
7f011d67a000-7f011d684000 r--s 0004a000 ca:01 524366                     /usr/share/cronos/files/.m2/org/springframework/security/spring-security-web/3.2.5.RELEASE/spring-security-web-3.2.5.RELEASE.jar
7f011d684000-7f011d68c000 r--s 0005c000 ca:01 524379                     /usr/share/cronos/files/.m2/org/springframework/security/spring-security-config/3.2.5.RELEASE/spring-security-config-3.2.5.RELEASE.jar
7f011d68c000-7f011d68e000 r--s 00000000 ca:01 1185193                    /usr/share/cronos/files/.m2/aopalliance/aopalliance/1.0/aopalliance-1.0.jar
7f011d68e000-7f011d699000 r--s 0004f000 ca:01 524372                     /usr/share/cronos/files/.m2/org/springframework/security/spring-security-core/3.2.5.RELEASE/spring-security-core-3.2.5.RELEASE.jar
7f011d699000-7f011d6a4000 r--s 0005c000 ca:01 524351                     /usr/share/cronos/files/.m2/org/springframework/security/oauth/spring-security-oauth2/2.0.4.RELEASE/spring-security-oauth2-2.0.4.RELEASE.jar
7f011d6a4000-7f011d6b3000 r--s 00096000 ca:01 399403                     /usr/share/cronos/files/.m2/org/springframework/spring-web/4.0.5.RELEASE/spring-web-4.0.5.RELEASE.jar
7f011d6b3000-7f011d6b8000 r--s 0002e000 ca:01 399320                     /usr/share/cronos/files/.m2/org/springframework/spring-expression/4.0.5.RELEASE/spring-expression-4.0.5.RELEASE.jar
7f011d6b8000-7f011d6cc000 r--s 000db000 ca:01 399260                     /usr/share/cronos/files/.m2/org/springframework/spring-core/4.0.5.RELEASE/spring-core-4.0.5.RELEASE.jar
7f011d6cc000-7f011d6d5000 r--s 0004e000 ca:01 399755                     /usr/share/cronos/files/.m2/org/springframework/spring-aop/4.0.5.RELEASE/spring-aop-4.0.5.RELEASE.jar
7f011d6d5000-7f011d6ec000 r--s 000d8000 ca:01 399543                     /usr/share/cronos/files/.m2/org/springframework/spring-context/4.0.5.RELEASE/spring-context-4.0.5.RELEASE.jar
7f011d6ec000-7f011d6f8000 r--s 00098000 ca:01 399655                     /usr/share/cronos/files/.m2/org/springframework/spring-beans/4.0.5.RELEASE/spring-beans-4.0.5.RELEASE.jar
7f011d6f8000-7f011d704000 r--s 00096000 ca:01 399034                     /usr/share/cronos/files/.m2/org/springframework/spring-webmvc/4.0.5.RELEASE/spring-webmvc-4.0.5.RELEASE.jar
7f011d704000-7f011d71e000 r--s 0011f000 ca:01 525603                     /usr/share/cronos/files/.m2/org/cloudfoundry/cloudfoundry-client-lib/1.1.3/cloudfoundry-client-lib-1.1.3.jar
7f011d71e000-7f011d720000 r--s 00013000 ca:01 525616                     /usr/share/cronos/files/.m2/org/cloudfoundry/cf-maven-plugin/1.1.3/cf-maven-plugin-1.1.3.jar
7f011d720000-7f011d721000 r--s 00002000 ca:01 526242                     /usr/share/cronos/files/.m2/org/apache/maven/shared/maven-mapping/1.0/maven-mapping-1.0.jar
7f011d721000-7f011d723000 r--s 0000b000 ca:01 526317                     /usr/share/cronos/files/.m2/org/apache/maven/shared/maven-filtering/1.3/maven-filtering-1.3.jar
7f011d723000-7f011d727000 r--s 00038000 ca:01 398515                     /usr/share/cronos/files/.m2/org/codehaus/plexus/plexus-utils/3.0.20/plexus-utils-3.0.20.jar
7f011d727000-7f011d729000 r--s 00005000 ca:01 1184942                    /usr/share/cronos/files/.m2/xpp3/xpp3_min/1.1.4c/xpp3_min-1.1.4c.jar
7f011d729000-7f011d72a000 r--s 00001000 ca:01 1184132                    /usr/share/cronos/files/.m2/xmlpull/xmlpull/1.1.3.1/xmlpull-1.1.3.1.jar
7f011d72a000-7f011d737000 r--s 0006a000 ca:01 1184003                    /usr/share/cronos/files/.m2/com/thoughtworks/xstream/xstream/1.4.4/xstream-1.4.4.jar
7f011d737000-7f011d73a000 r--s 0000d000 ca:01 398313                     /usr/share/cronos/files/.m2/org/codehaus/plexus/plexus-interpolation/1.21/plexus-interpolation-1.21.jar
7f011d73a000-7f011d741000 r--s 00056000 ca:01 527029                     /usr/share/cronos/files/.m2/org/apache/commons/commons-compress/1.9/commons-compress-1.9.jar
7f011d741000-7f011d745000 r--s 00020000 ca:01 398487                     /usr/share/cronos/files/.m2/org/codehaus/plexus/plexus-archiver/2.9/plexus-archiver-2.9.jar
7f011d745000-7f011d749000 r--s 00027000 ca:01 1184657                    /usr/share/cronos/files/.m2/commons-io/commons-io/2.2/commons-io-2.2.jar
7f011d749000-7f011d74d000 r--s 00011000 ca:01 398255                     /usr/share/cronos/files/.m2/org/codehaus/plexus/plexus-io/2.4.1/plexus-io-2.4.1.jar
7f011d74d000-7f011d74e000 r--s 00005000 ca:01 525977                     /usr/share/cronos/files/.m2/org/apache/maven/maven-archiver/2.6/maven-archiver-2.6.jar
7f011d74e000-7f011d750000 r--s 00009000 ca:01 1184708                    /usr/share/cronos/files/.m2/commons-cli/commons-cli/1.2/commons-cli-1.2.jar
7f011d750000-7f011d751000 r--s 00002000 ca:01 525755                     /usr/share/cronos/files/.m2/org/apache/maven/doxia/doxia-logging-api/1.1/doxia-logging-api-1.1.jar
7f011d751000-7f011d753000 r--s 00002000 ca:01 525840                     /usr/share/cronos/files/.m2/org/apache/maven/doxia/doxia-sink-api/1.1/doxia-sink-api-1.1.jar
7f011d753000-7f011d754000 r--s 00002000 ca:01 525911                     /usr/share/cronos/files/.m2/org/apache/maven/reporting/maven-reporting-api/2.2.1/maven-reporting-api-2.2.1.jar
7f011d754000-7f011d756000 r--s 00014000 ca:01 526758                     /usr/share/cronos/files/.m2/org/apache/maven/plugins/maven-war-plugin/2.6/maven-war-plugin-2.6.jar
7f011d756000-7f011d758000 r--s 00002000 ca:01 526115                     /usr/share/cronos/files/.m2/org/apache/maven/plugin-tools/maven-plugin-annotations/3.1/maven-plugin-annotations-3.1.jar
7f011d758000-7f011d759000 r--s 00002000 ca:01 525903                     /usr/share/cronos/files/.m2/org/apache/maven/reporting/maven-reporting-api/2.0.9/maven-reporting-api-2.0.9.jar
7f011d759000-7f011d75d000 r--s 00035000 ca:01 398522                     /usr/share/cronos/files/.m2/org/codehaus/plexus/plexus-utils/3.0.8/plexus-utils-3.0.8.jar
7f011d75d000-7f011d75f000 r--s 00006000 ca:01 526229                     /usr/share/cronos/files/.m2/org/apache/maven/shared/maven-common-artifact-filters/1.3/maven-common-artifact-filters-1.3.jar
7f011d75f000-7f011d765000 r--s 00048000 ca:01 527063                     /usr/share/cronos/files/.m2/org/apache/commons/commons-lang3/3.1/commons-lang3-3.1.jar
7f011d765000-7f011d76a000 r--s 0003c000 ca:01 526480                     /usr/share/cronos/files/.m2/org/apache/maven/surefire/maven-surefire-common/2.12.4/maven-surefire-common-2.12.4.jar
7f011d76a000-7f011d76e000 r--s 00019000 ca:01 526465                     /usr/share/cronos/files/.m2/org/apache/maven/surefire/surefire-api/2.12.4/surefire-api-2.12.4.jar
7f011d76e000-7f011d770000 r--s 00007000 ca:01 526455                     /usr/share/cronos/files/.m2/org/apache/maven/surefire/surefire-booter/2.12.4/surefire-booter-2.12.4.jar
7f011d770000-7f011d771000 r--s 00007000 ca:01 526782                     /usr/share/cronos/files/.m2/org/apache/maven/plugins/maven-surefire-plugin/2.12.4/maven-surefire-plugin-2.12.4.jar
7f011d771000-7f011d971000 rw-p 00000000 00:00 0 
7f011d971000-7f011d9ea000 r--s 010e2000 ca:01 820386                     /usr/lib/jvm/java-8-oracle/lib/tools.jar
7f011d9ea000-7f011dbea000 rw-p 00000000 00:00 0 
7f011dbea000-7f011dbed000 r--s 0001b000 ca:01 1182640                    /usr/share/cronos/files/.m2/junit/junit/3.8.2/junit-3.8.2.jar
7f011dbed000-7f011dbfb000 r--s 0008f000 ca:01 1183538                    /usr/share/cronos/files/.m2/com/google/collections/google-collections/1.0/google-collections-1.0.jar
7f011dbfb000-7f011dbfc000 r--s 0000a000 ca:01 399816                     /usr/share/cronos/files/.m2/commons-logging/commons-logging-api/1.1/commons-logging-api-1.1.jar
7f011dbfc000-7f011dc03000 r--s 00051000 ca:01 1184957                    /usr/share/cronos/files/.m2/log4j/log4j/1.2.12/log4j-1.2.12.jar
7f011dc03000-7f011dc07000 r--s 0001d000 ca:01 527012                     /usr/share/cronos/files/.m2/org/apache/xbean/xbean-reflect/3.4/xbean-reflect-3.4.jar
7f011dc07000-7f011dc08000 r--s 00004000 ca:01 398691                     /usr/share/cronos/files/.m2/org/codehaus/plexus/plexus-compiler-javac/2.5/plexus-compiler-javac-2.5.jar
7f011dc08000-7f011dc0a000 r--s 00000000 ca:01 398458                     /usr/share/cronos/files/.m2/org/codehaus/plexus/plexus-compiler-manager/2.5/plexus-compiler-manager-2.5.jar
7f011dc0a000-7f011dc0c000 r--s 00005000 ca:01 398213                     /usr/share/cronos/files/.m2/org/codehaus/plexus/plexus-compiler-api/2.5/plexus-compiler-api-2.5.jar
7f011dc0c000-7f011dc0e000 r--s 00000000 ca:01 398452                     /usr/share/cronos/files/.m2/org/codehaus/plexus/plexus-component-annotations/1.5.5/plexus-component-annotations-1.5.5.jar
7f011dc0e000-7f011dc10000 r--s 00002000 ca:01 526208                     /usr/share/cronos/files/.m2/org/apache/maven/shared/maven-shared-incremental/1.1/maven-shared-incremental-1.1.jar
7f011dc10000-7f011dc12000 r--s 00006000 ca:01 1183507                    /usr/share/cronos/files/.m2/com/google/code/findbugs/jsr305/2.0.1/jsr305-2.0.1.jar
7f011dc12000-7f011dc16000 r--s 00026000 ca:01 526195                     /usr/share/cronos/files/.m2/org/apache/maven/shared/maven-shared-utils/0.7/maven-shared-utils-0.7.jar
7f011dc16000-7f011dc18000 r--s 00002000 ca:01 1182031                    /usr/share/cronos/files/.m2/org/sonatype/plexus/plexus-cipher/1.4/plexus-cipher-1.4.jar
7f011dc18000-7f011dc19000 r--s 00006000 ca:01 1182036                    /usr/share/cronos/files/.m2/org/sonatype/plexus/plexus-sec-dispatcher/1.3/plexus-sec-dispatcher-1.3.jar
7f011dc19000-7f011dc21000 r--s 00049000 ca:01 1184930                    /usr/share/cronos/files/.m2/backport-util-concurrent/backport-util-concurrent/3.1/backport-util-concurrent-3.1.jar
7f011dc21000-7f011dc23000 r--s 00003000 ca:01 397898                     /usr/share/cronos/files/.m2/org/slf4j/jcl-over-slf4j/1.5.6/jcl-over-slf4j-1.5.6.jar
7f011dc23000-7f011dc25000 r--s 00004000 ca:01 397777                     /usr/share/cronos/files/.m2/org/slf4j/slf4j-api/1.5.6/slf4j-api-1.5.6.jar
7f011dc25000-7f011dc27000 r--s 00001000 ca:01 397706                     /usr/share/cronos/files/.m2/org/slf4j/slf4j-jdk14/1.5.6/slf4j-jdk14-1.5.6.jar
7f011dc27000-7f011dc29000 r--s 0000b000 ca:01 398317                     /usr/share/cronos/files/.m2/org/codehaus/plexus/plexus-interpolation/1.11/plexus-interpolation-1.11.jar
7f011dc29000-7f011dc2d000 r--s 00034000 ca:01 398529                     /usr/share/cronos/files/.m2/org/codehaus/plexus/plexus-utils/1.5.15/plexus-utils-1.5.15.jar
7f011dc2d000-7f011dc2f000 r--s 0000a000 ca:01 526604                     /usr/share/cronos/files/.m2/org/apache/maven/plugins/maven-compiler-plugin/3.3/maven-compiler-plugin-3.3.jar
7f011dc2f000-7f011dc31000 r--s 0000d000 ca:01 398309                     /usr/share/cronos/files/.m2/org/codehaus/plexus/plexus-interpolation/1.13/plexus-interpolation-1.13.jar
7f011dc31000-7f011dc32000 r--s 00001000 ca:01 1182054                    /usr/share/cronos/files/.m2/org/sonatype/plexus/plexus-build-api/0.0.4/plexus-build-api-0.0.4.jar
7f011dc32000-7f011dc34000 r--s 00009000 ca:01 526313                     /usr/share/cronos/files/.m2/org/apache/maven/shared/maven-filtering/1.1/maven-filtering-1.1.jar
7f011dc34000-7f011dc38000 r--s 00033000 ca:01 398558                     /usr/share/cronos/files/.m2/org/codehaus/plexus/plexus-utils/2.0.5/plexus-utils-2.0.5.jar
7f011dc38000-7f011dc3b000 r--s 0001b000 ca:01 1182636                    /usr/share/cronos/files/.m2/junit/junit/3.8.1/junit-3.8.1.jar
7f011dc3b000-7f011dc3d000 r--s 00002000 ca:01 398350                     /usr/share/cronos/files/.m2/org/codehaus/plexus/plexus-interactivity-api/1.0-alpha-4/plexus-interactivity-api-1.0-alpha-4.jar
7f011dc3d000-7f011dc3f000 r--s 00006000 ca:01 1184714                    /usr/share/cronos/files/.m2/commons-cli/commons-cli/1.0/commons-cli-1.0.jar
7f011dc3f000-7f011dc40000 r--s 00001000 ca:01 525829                     /usr/share/cronos/files/.m2/org/apache/maven/doxia/doxia-sink-api/1.0-alpha-7/doxia-sink-api-1.0-alpha-7.jar
7f011dc40000-7f011dc41000 r--s 00002000 ca:01 525898                     /usr/share/cronos/files/.m2/org/apache/maven/reporting/maven-reporting-api/2.0.6/maven-reporting-api-2.0.6.jar
7f011dc41000-7f011dc43000 r--s 00006000 ca:01 526777                     /usr/share/cronos/files/.m2/org/apache/maven/plugins/maven-resources-plugin/2.6/maven-resources-plugin-2.6.jar
7f011dc43000-7f011dc47000 r--s 00034000 ca:01 398567                     /usr/share/cronos/files/.m2/org/codehaus/plexus/plexus-utils/3.0/plexus-utils-3.0.jar
7f011dc47000-7f011dc49000 r--s 00005000 ca:01 526736                     /usr/share/cronos/files/.m2/org/apache/maven/plugins/maven-clean-plugin/2.5/maven-clean-plugin-2.5.jar
7f011dc49000-7f011de49000 rw-p 00000000 00:00 0 
7f011de49000-7f011de5a000 r-xp 00000000 ca:01 821719                     /usr/lib/jvm/java-8-oracle/jre/lib/amd64/libnio.so
7f011de5a000-7f011e059000 ---p 00011000 ca:01 821719                     /usr/lib/jvm/java-8-oracle/jre/lib/amd64/libnio.so
7f011e059000-7f011e05a000 rw-p 00010000 ca:01 821719                     /usr/lib/jvm/java-8-oracle/jre/lib/amd64/libnio.so
7f011e05a000-7f011e070000 r-xp 00000000 ca:01 821746                     /usr/lib/jvm/java-8-oracle/jre/lib/amd64/libnet.so
7f011e070000-7f011e270000 ---p 00016000 ca:01 821746                     /usr/lib/jvm/java-8-oracle/jre/lib/amd64/libnet.so
7f011e270000-7f011e271000 rw-p 00016000 ca:01 821746                     /usr/lib/jvm/java-8-oracle/jre/lib/amd64/libnet.so
7f011e271000-7f011e275000 r--s 00095000 ca:01 821798                     /usr/lib/jvm/java-8-oracle/jre/lib/jsse.jar
7f011e275000-7f011e475000 rw-p 00000000 00:00 0 
7f011e475000-7f011e675000 rw-p 00000000 00:00 0 
7f011e675000-7f011e677000 r--s 00006000 ca:01 50644                      /usr/share/maven/lib/aether-spi-1.0.0.v20140518.jar
7f011e677000-7f011e679000 r--s 00009000 ca:01 50639                      /usr/share/maven/lib/maven-settings-builder-3.2.5.jar
7f011e679000-7f011e67b000 r--s 0000e000 ca:01 50634                      /usr/share/maven/lib/maven-embedder-3.2.5.jar
7f011e67b000-7f011e680000 r--s 0001d000 ca:01 50632                      /usr/share/maven/lib/aether-api-1.0.0.v20140518.jar
7f011e680000-7f011e682000 r--s 00000000 ca:01 50624                      /usr/share/maven/lib/aopalliance-1.0.jar
7f011e682000-7f011e686000 r--s 00020000 ca:01 50620                      /usr/share/maven/lib/aether-util-1.0.0.v20140518.jar
7f011e686000-7f011e68a000 r--s 00027000 ca:01 50614                      /usr/share/maven/lib/commons-io-2.2.jar
7f011e68a000-7f011e690000 r--s 00040000 ca:01 50608                      /usr/share/maven/lib/maven-compat-3.2.5.jar
7f011e690000-7f011e696000 r--s 0002b000 ca:01 50604                      /usr/share/maven/lib/org.eclipse.sisu.plexus-0.3.0.M1.jar
7f011e696000-7f011e697000 r--s 00002000 ca:01 50602                      /usr/share/maven/lib/wagon-http-shared-2.8.jar
7f011e697000-7f011e69e000 r--s 0004d000 ca:01 50600                      /usr/share/maven/lib/org.eclipse.sisu.inject-0.3.0.M1.jar
7f011e69e000-7f011e6a2000 r--s 00038000 ca:01 50598                      /usr/share/maven/lib/plexus-utils-3.0.20.jar
7f011e6a2000-7f011e6a7000 r--s 00025000 ca:01 50594                      /usr/share/maven/lib/maven-model-builder-3.2.5.jar
7f011e6a7000-7f011e6a9000 r--s 00000000 ca:01 50592                      /usr/share/maven/lib/plexus-component-annotations-1.5.5.jar
7f011e6a9000-7f011e6ac000 r--s 0000d000 ca:01 50590                      /usr/share/maven/lib/plexus-interpolation-1.21.jar
7f011e6ac000-7f011e6ae000 r--s 00005000 ca:01 50582                      /usr/share/maven/lib/aether-transport-wagon-1.0.0.v20140518.jar
7f011e6ae000-7f011e6b0000 r--s 00005000 ca:01 50580                      /usr/share/maven/lib/maven-repository-metadata-3.2.5.jar
7f011e6b0000-7f011e6b6000 r--s 00042000 ca:01 50576                      /usr/share/maven/lib/jsoup-1.7.2.jar
7f011e6b6000-7f011e6e1000 r--s 001fc000 ca:01 50574                      /usr/share/maven/lib/guava-18.0.jar
7f011e6e1000-7f011e6e3000 r--s 0000f000 ca:01 50570                      /usr/share/maven/lib/maven-aether-provider-3.2.5.jar
7f011e6e3000-7f011e6e5000 r--s 0000c000 ca:01 50562                      /usr/share/maven/lib/maven-artifact-3.2.5.jar
7f011e6e5000-7f011e713000 r--s 001fa000 ca:01 50549                      /usr/share/maven/lib/wagon-http-2.8-shaded.jar
7f011e713000-7f011e714000 ---p 00000000 00:00 0 
7f011e714000-7f011e814000 rw-p 00000000 00:00 0                          [stack:2300]
7f011e814000-7f011e817000 ---p 00000000 00:00 0 
7f011e817000-7f011e915000 rw-p 00000000 00:00 0                          [stack:2299]
7f011e915000-7f011e918000 ---p 00000000 00:00 0 
7f011e918000-7f011ea16000 rw-p 00000000 00:00 0                          [stack:2298]
7f011ea16000-7f011ea19000 ---p 00000000 00:00 0 
7f011ea19000-7f011eb17000 rw-p 00000000 00:00 0                          [stack:2297]
7f011eb17000-7f011eb1a000 ---p 00000000 00:00 0 
7f011eb1a000-7f011ec18000 rw-p 00000000 00:00 0                          [stack:2296]
7f011ec18000-7f011eee3000 r--p 00000000 ca:01 1579                       /usr/lib/locale/locale-archive
7f011eee3000-7f011eee6000 ---p 00000000 00:00 0 
7f011eee6000-7f011efe4000 rw-p 00000000 00:00 0                          [stack:2295]
7f011efe4000-7f011efe7000 ---p 00000000 00:00 0 
7f011efe7000-7f011f0e5000 rw-p 00000000 00:00 0                          [stack:2294]
7f011f0e5000-7f011f0e6000 ---p 00000000 00:00 0 
7f011f0e6000-7f011fb5f000 rw-p 00000000 00:00 0                          [stack:2293]
7f011fb5f000-7f011fd37000 r--s 03d17000 ca:01 821826                     /usr/lib/jvm/java-8-oracle/jre/lib/rt.jar
7f011fd37000-7f012477d000 rw-p 00000000 00:00 0 
7f012477d000-7f012477e000 ---p 00000000 00:00 0 
7f012477e000-7f012487e000 rw-p 00000000 00:00 0                          [stack:2292]
7f012487e000-7f012487f000 ---p 00000000 00:00 0 
7f012487f000-7f01249b6000 rw-p 00000000 00:00 0                          [stack:2291]
7f01249b6000-7f0124c19000 ---p 00000000 00:00 0 
7f0124c19000-7f0124c50000 rw-p 00000000 00:00 0 
7f0124c50000-7f0124eb2000 ---p 00000000 00:00 0 
7f0124eb2000-7f0124f20000 rw-p 00000000 00:00 0 
7f0124f20000-7f0124fff000 ---p 00000000 00:00 0 
7f0124fff000-7f0125000000 rw-p 00000000 00:00 0 
7f0125000000-7f0126260000 rwxp 00000000 00:00 0 
7f0126260000-7f0134000000 ---p 00000000 00:00 0 
7f0134000000-7f01351e5000 rw-p 00000000 00:00 0 
7f01351e5000-7f0138000000 ---p 00000000 00:00 0 
7f0138000000-7f0138001000 r--s 00002000 ca:01 50586                      /usr/share/maven/lib/slf4j-simple-1.7.5.jar
7f0138001000-7f0138003000 r--s 0000b000 ca:01 50559                      /usr/share/maven/lib/wagon-provider-api-2.8.jar
7f0138003000-7f0138005000 r--s 00005000 ca:01 50558                      /usr/share/maven/lib/slf4j-api-1.7.5.jar
7f0138005000-7f0138008000 r--s 00027000 ca:01 50556                      /usr/share/maven/lib/aether-impl-1.0.0.v20140518.jar
7f0138008000-7f0138014000 r--s 00089000 ca:01 50539                      /usr/share/maven/lib/maven-core-3.2.5.jar
7f0138014000-7f01380f5000 rw-p 00000000 00:00 0 
7f01380f5000-7f013846b000 ---p 00000000 00:00 0 
7f013846b000-7f0138485000 r-xp 00000000 ca:01 821741                     /usr/lib/jvm/java-8-oracle/jre/lib/amd64/libzip.so
7f0138485000-7f0138685000 ---p 0001a000 ca:01 821741                     /usr/lib/jvm/java-8-oracle/jre/lib/amd64/libzip.so
7f0138685000-7f0138686000 rw-p 0001a000 ca:01 821741                     /usr/lib/jvm/java-8-oracle/jre/lib/amd64/libzip.so
7f0138686000-7f0138691000 r-xp 00000000 ca:01 441929                     /lib/x86_64-linux-gnu/libnss_files-2.19.so
7f0138691000-7f0138890000 ---p 0000b000 ca:01 441929                     /lib/x86_64-linux-gnu/libnss_files-2.19.so
7f0138890000-7f0138891000 r--p 0000a000 ca:01 441929                     /lib/x86_64-linux-gnu/libnss_files-2.19.so
7f0138891000-7f0138892000 rw-p 0000b000 ca:01 441929                     /lib/x86_64-linux-gnu/libnss_files-2.19.so
7f0138892000-7f013889d000 r-xp 00000000 ca:01 442182                     /lib/x86_64-linux-gnu/libnss_nis-2.19.so
7f013889d000-7f0138a9c000 ---p 0000b000 ca:01 442182                     /lib/x86_64-linux-gnu/libnss_nis-2.19.so
7f0138a9c000-7f0138a9d000 r--p 0000a000 ca:01 442182                     /lib/x86_64-linux-gnu/libnss_nis-2.19.so
7f0138a9d000-7f0138a9e000 rw-p 0000b000 ca:01 442182                     /lib/x86_64-linux-gnu/libnss_nis-2.19.so
7f0138a9e000-7f0138ab5000 r-xp 00000000 ca:01 441954                     /lib/x86_64-linux-gnu/libnsl-2.19.so
7f0138ab5000-7f0138cb4000 ---p 00017000 ca:01 441954                     /lib/x86_64-linux-gnu/libnsl-2.19.so
7f0138cb4000-7f0138cb5000 r--p 00016000 ca:01 441954                     /lib/x86_64-linux-gnu/libnsl-2.19.so
7f0138cb5000-7f0138cb6000 rw-p 00017000 ca:01 441954                     /lib/x86_64-linux-gnu/libnsl-2.19.so
7f0138cb6000-7f0138cb8000 rw-p 00000000 00:00 0 
7f0138cb8000-7f0138cc1000 r-xp 00000000 ca:01 441952                     /lib/x86_64-linux-gnu/libnss_compat-2.19.so
7f0138cc1000-7f0138ec0000 ---p 00009000 ca:01 441952                     /lib/x86_64-linux-gnu/libnss_compat-2.19.so
7f0138ec0000-7f0138ec1000 r--p 00008000 ca:01 441952                     /lib/x86_64-linux-gnu/libnss_compat-2.19.so
7f0138ec1000-7f0138ec2000 rw-p 00009000 ca:01 441952                     /lib/x86_64-linux-gnu/libnss_compat-2.19.so
7f0138ec2000-7f0138eec000 r-xp 00000000 ca:01 821779                     /usr/lib/jvm/java-8-oracle/jre/lib/amd64/libjava.so
7f0138eec000-7f01390ec000 ---p 0002a000 ca:01 821779                     /usr/lib/jvm/java-8-oracle/jre/lib/amd64/libjava.so
7f01390ec000-7f01390ee000 rw-p 0002a000 ca:01 821779                     /usr/lib/jvm/java-8-oracle/jre/lib/amd64/libjava.so
7f01390ee000-7f01390fb000 r-xp 00000000 ca:01 821749                     /usr/lib/jvm/java-8-oracle/jre/lib/amd64/libverify.so
7f01390fb000-7f01392fb000 ---p 0000d000 ca:01 821749                     /usr/lib/jvm/java-8-oracle/jre/lib/amd64/libverify.so
7f01392fb000-7f01392fd000 rw-p 0000d000 ca:01 821749                     /usr/lib/jvm/java-8-oracle/jre/lib/amd64/libverify.so
7f01392fd000-7f0139304000 r-xp 00000000 ca:01 442176                     /lib/x86_64-linux-gnu/librt-2.19.so
7f0139304000-7f0139503000 ---p 00007000 ca:01 442176                     /lib/x86_64-linux-gnu/librt-2.19.so
7f0139503000-7f0139504000 r--p 00006000 ca:01 442176                     /lib/x86_64-linux-gnu/librt-2.19.so
7f0139504000-7f0139505000 rw-p 00007000 ca:01 442176                     /lib/x86_64-linux-gnu/librt-2.19.so
7f0139505000-7f013960a000 r-xp 00000000 ca:01 441927                     /lib/x86_64-linux-gnu/libm-2.19.so
7f013960a000-7f0139809000 ---p 00105000 ca:01 441927                     /lib/x86_64-linux-gnu/libm-2.19.so
7f0139809000-7f013980a000 r--p 00104000 ca:01 441927                     /lib/x86_64-linux-gnu/libm-2.19.so
7f013980a000-7f013980b000 rw-p 00105000 ca:01 441927                     /lib/x86_64-linux-gnu/libm-2.19.so
7f013980b000-7f013a4c9000 r-xp 00000000 ca:01 821770                     /usr/lib/jvm/java-8-oracle/jre/lib/amd64/server/libjvm.so
7f013a4c9000-7f013a6c8000 ---p 00cbe000 ca:01 821770                     /usr/lib/jvm/java-8-oracle/jre/lib/amd64/server/libjvm.so
7f013a6c8000-7f013a7a0000 rw-p 00cbd000 ca:01 821770                     /usr/lib/jvm/java-8-oracle/jre/lib/amd64/server/libjvm.so
7f013a7a0000-7f013a7e5000 rw-p 00000000 00:00 0 
7f013a7e5000-7f013a9a0000 r-xp 00000000 ca:01 442064                     /lib/x86_64-linux-gnu/libc-2.19.so
7f013a9a0000-7f013ab9f000 ---p 001bb000 ca:01 442064                     /lib/x86_64-linux-gnu/libc-2.19.so
7f013ab9f000-7f013aba3000 r--p 001ba000 ca:01 442064                     /lib/x86_64-linux-gnu/libc-2.19.so
7f013aba3000-7f013aba5000 rw-p 001be000 ca:01 442064                     /lib/x86_64-linux-gnu/libc-2.19.so
7f013aba5000-7f013abaa000 rw-p 00000000 00:00 0 
7f013abaa000-7f013abad000 r-xp 00000000 ca:01 441938                     /lib/x86_64-linux-gnu/libdl-2.19.so
7f013abad000-7f013adac000 ---p 00003000 ca:01 441938                     /lib/x86_64-linux-gnu/libdl-2.19.so
7f013adac000-7f013adad000 r--p 00002000 ca:01 441938                     /lib/x86_64-linux-gnu/libdl-2.19.so
7f013adad000-7f013adae000 rw-p 00003000 ca:01 441938                     /lib/x86_64-linux-gnu/libdl-2.19.so
7f013adae000-7f013adc3000 r-xp 00000000 ca:01 820379                     /usr/lib/jvm/java-8-oracle/lib/amd64/jli/libjli.so
7f013adc3000-7f013afc3000 ---p 00015000 ca:01 820379                     /usr/lib/jvm/java-8-oracle/lib/amd64/jli/libjli.so
7f013afc3000-7f013afc4000 rw-p 00015000 ca:01 820379                     /usr/lib/jvm/java-8-oracle/lib/amd64/jli/libjli.so
7f013afc4000-7f013afdd000 r-xp 00000000 ca:01 442142                     /lib/x86_64-linux-gnu/libpthread-2.19.so
7f013afdd000-7f013b1dc000 ---p 00019000 ca:01 442142                     /lib/x86_64-linux-gnu/libpthread-2.19.so
7f013b1dc000-7f013b1dd000 r--p 00018000 ca:01 442142                     /lib/x86_64-linux-gnu/libpthread-2.19.so
7f013b1dd000-7f013b1de000 rw-p 00019000 ca:01 442142                     /lib/x86_64-linux-gnu/libpthread-2.19.so
7f013b1de000-7f013b1e2000 rw-p 00000000 00:00 0 
7f013b1e2000-7f013b205000 r-xp 00000000 ca:01 442056                     /lib/x86_64-linux-gnu/ld-2.19.so
7f013b205000-7f013b206000 r--s 00006000 ca:01 50572                      /usr/share/maven/lib/plexus-sec-dispatcher-1.3.jar
7f013b206000-7f013b208000 r--s 00009000 ca:01 50547                      /usr/share/maven/lib/maven-settings-3.2.5.jar
7f013b208000-7f013b20b000 r--s 00025000 ca:01 50543                      /usr/share/maven/lib/maven-model-3.2.5.jar
7f013b20b000-7f013b20c000 r--s 00002000 ca:01 50536                      /usr/share/maven/lib/wagon-file-2.8.jar
7f013b20c000-7f013b20e000 r--s 0000a000 ca:01 50535                      /usr/share/maven/lib/maven-plugin-api-3.2.5.jar
7f013b20e000-7f013b211000 r--s 00008000 ca:01 50530                      /usr/share/maven/lib/cdi-api-1.0.jar
7f013b211000-7f013b21a000 r--s 00059000 ca:01 50528                      /usr/share/maven/lib/sisu-guice-3.2.3-no_aop.jar
7f013b21a000-7f013b21b000 r--s 00001000 ca:01 50524                      /usr/share/maven/lib/jsr250-api-1.0.jar
7f013b21b000-7f013b220000 r--s 00041000 ca:01 50517                      /usr/share/maven/lib/commons-lang-2.6.jar
7f013b220000-7f013b222000 r--s 00009000 ca:01 50515                      /usr/share/maven/lib/commons-cli-1.2.jar
7f013b222000-7f013b2ed000 rw-p 00000000 00:00 0 
7f013b2ed000-7f013b2f5000 rw-s 00000000 ca:01 405665                     /tmp/hsperfdata_tomcat7/2286
7f013b2f5000-7f013b2f8000 ---p 00000000 00:00 0 
7f013b2f8000-7f013b3fa000 rw-p 00000000 00:00 0                          [stack:2290]
7f013b3fa000-7f013b3fb000 r--s 00000000 ca:01 50523                      /usr/share/maven/lib/javax.inject-1.jar
7f013b3fb000-7f013b3fc000 r--s 00008000 ca:01 50513                      /usr/share/maven/lib/aether-connector-basic-1.0.0.v20140518.jar
7f013b3fc000-7f013b3fe000 r--s 00002000 ca:01 50511                      /usr/share/maven/lib/plexus-cipher-1.7.jar
7f013b3fe000-7f013b400000 r--s 0000b000 ca:01 50505                      /usr/share/maven/boot/plexus-classworlds-2.5.2.jar
7f013b400000-7f013b401000 rw-p 00000000 00:00 0 
7f013b401000-7f013b402000 ---p 00000000 00:00 0 
7f013b402000-7f013b404000 rw-p 00000000 00:00 0 
7f013b404000-7f013b405000 r--p 00022000 ca:01 442056                     /lib/x86_64-linux-gnu/ld-2.19.so
7f013b405000-7f013b406000 rw-p 00023000 ca:01 442056                     /lib/x86_64-linux-gnu/ld-2.19.so
7f013b406000-7f013b407000 rw-p 00000000 00:00 0 
7fffc5dfc000-7fffc5e1d000 rw-p 00000000 00:00 0                          [stack]
7fffc5fe5000-7fffc5fe7000 r-xp 00000000 00:00 0                          [vdso]
ffffffffff600000-ffffffffff601000 r-xp 00000000 00:00 0                  [vsyscall]

VM Arguments:
jvm_args: -Dclassworlds.conf=/usr/share/maven/bin/m2.conf -Dmaven.home=/usr/share/maven 
java_command: org.codehaus.plexus.classworlds.launcher.Launcher -B -D maven.repo.local=/usr/share/cronos/files/.m2 clean cf:push
java_class_path (initial): /usr/share/maven/boot/plexus-classworlds-2.5.2.jar
Launcher Type: SUN_STANDARD

Environment Variables:
JAVA_HOME=/usr/lib/jvm/java-8-oracle
PATH=/usr/local/sbin:/usr/local/bin:/usr/sbin:/usr/bin:/sbin:/bin:/usr/games:/usr/local/games
USERNAME=root
SHELL=/bin/bash

Signal Handlers:
SIGSEGV: [libjvm.so+0xaba070], sa_mask[0]=11111111011111111101111111111110, sa_flags=SA_RESTART|SA_SIGINFO
SIGBUS: [libjvm.so+0xaba070], sa_mask[0]=11111111011111111101111111111110, sa_flags=SA_RESTART|SA_SIGINFO
SIGFPE: [libjvm.so+0x917630], sa_mask[0]=11111111011111111101111111111110, sa_flags=SA_RESTART|SA_SIGINFO
SIGPIPE: [libjvm.so+0x917630], sa_mask[0]=11111111011111111101111111111110, sa_flags=SA_RESTART|SA_SIGINFO
SIGXFSZ: [libjvm.so+0x917630], sa_mask[0]=11111111011111111101111111111110, sa_flags=SA_RESTART|SA_SIGINFO
SIGILL: [libjvm.so+0x917630], sa_mask[0]=11111111011111111101111111111110, sa_flags=SA_RESTART|SA_SIGINFO
SIGUSR1: SIG_DFL, sa_mask[0]=00000000000000000000000000000000, sa_flags=none
SIGUSR2: [libjvm.so+0x918c60], sa_mask[0]=00100000000000000000000000000000, sa_flags=SA_RESTART|SA_SIGINFO
SIGHUP: [libjvm.so+0x91a060], sa_mask[0]=11111111011111111101111111111110, sa_flags=SA_RESTART|SA_SIGINFO
SIGINT: SIG_IGN, sa_mask[0]=00000000000000000000000000000000, sa_flags=none
SIGTERM: [libjvm.so+0x91a060], sa_mask[0]=11111111011111111101111111111110, sa_flags=SA_RESTART|SA_SIGINFO
SIGQUIT: [libjvm.so+0x91a060], sa_mask[0]=11111111011111111101111111111110, sa_flags=SA_RESTART|SA_SIGINFO


---------------  S Y S T E M  ---------------

OS:DISTRIB_ID=Ubuntu
DISTRIB_RELEASE=14.04
DISTRIB_CODENAME=trusty
DISTRIB_DESCRIPTION="Ubuntu 14.04.3 LTS"

uname:Linux 3.13.0-36-generic #63-Ubuntu SMP Wed Sep 3 21:30:07 UTC 2014 x86_64
libc:glibc 2.19 NPTL 2.19 
rlimit: STACK 8192k, CORE 0k, NPROC 63790, NOFILE 4096, AS infinity
load average:0.75 0.39 0.43

/proc/meminfo:
MemTotal:        8175564 kB
MemFree:          122148 kB
Buffers:             396 kB
Cached:             8096 kB
SwapCached:            0 kB
Active:          7909108 kB
Inactive:           5656 kB
Active(anon):    7908500 kB
Inactive(anon):      284 kB
Active(file):        608 kB
Inactive(file):     5372 kB
Unevictable:        2348 kB
Mlocked:            2348 kB
SwapTotal:             0 kB
SwapFree:              0 kB
Dirty:               216 kB
Writeback:             0 kB
AnonPages:       7908776 kB
Mapped:             3216 kB
Shmem:               352 kB
Slab:              29616 kB
SReclaimable:      13840 kB
SUnreclaim:        15776 kB
KernelStack:        3360 kB
PageTables:        20952 kB
NFS_Unstable:          0 kB
Bounce:                0 kB
WritebackTmp:          0 kB
CommitLimit:     4087780 kB
Committed_AS:    8647212 kB
VmallocTotal:   34359738367 kB
VmallocUsed:       14804 kB
VmallocChunk:   34359722827 kB
HardwareCorrupted:     0 kB
AnonHugePages:   6500352 kB
HugePages_Total:       0
HugePages_Free:        0
HugePages_Rsvd:        0
HugePages_Surp:        0
Hugepagesize:       2048 kB
DirectMap4k:       30720 kB
DirectMap2M:     8488960 kB


CPU:total 2 (2 cores per cpu, 1 threads per core) family 6 model 63 stepping 2, cmov, cx8, fxsr, mmx, sse, sse2, sse3, ssse3, sse4.1, sse4.2, popcnt, avx, avx2, aes, clmul, erms, lzcnt, tsc, bmi1, bmi2

/proc/cpuinfo:
processor	: 0
vendor_id	: GenuineIntel
cpu family	: 6
model		: 63
model name	: Intel(R) Xeon(R) CPU E5-2676 v3 @ 2.40GHz
stepping	: 2
microcode	: 0x25
cpu MHz		: 2394.534
cache size	: 30720 KB
physical id	: 0
siblings	: 2
core id		: 0
cpu cores	: 2
apicid		: 0
initial apicid	: 0
fpu		: yes
fpu_exception	: yes
cpuid level	: 13
wp		: yes
flags		: fpu vme de pse tsc msr pae mce cx8 apic sep mtrr pge mca cmov pat pse36 clflush mmx fxsr sse sse2 ht syscall nx rdtscp lm constant_tsc rep_good nopl xtopology eagerfpu pni pclmulqdq ssse3 fma cx16 pcid sse4_1 sse4_2 x2apic movbe popcnt tsc_deadline_timer aes xsave avx f16c rdrand hypervisor lahf_lm abm xsaveopt fsgsbase bmi1 avx2 smep bmi2 erms invpcid
bogomips	: 4789.06
clflush size	: 64
cache_alignment	: 64
address sizes	: 46 bits physical, 48 bits virtual
power management:

processor	: 1
vendor_id	: GenuineIntel
cpu family	: 6
model		: 63
model name	: Intel(R) Xeon(R) CPU E5-2676 v3 @ 2.40GHz
stepping	: 2
microcode	: 0x25
cpu MHz		: 2394.534
cache size	: 30720 KB
physical id	: 0
siblings	: 2
core id		: 1
cpu cores	: 2
apicid		: 2
initial apicid	: 2
fpu		: yes
fpu_exception	: yes
cpuid level	: 13
wp		: yes
flags		: fpu vme de pse tsc msr pae mce cx8 apic sep mtrr pge mca cmov pat pse36 clflush mmx fxsr sse sse2 ht syscall nx rdtscp lm constant_tsc rep_good nopl xtopology eagerfpu pni pclmulqdq ssse3 fma cx16 pcid sse4_1 sse4_2 x2apic movbe popcnt tsc_deadline_timer aes xsave avx f16c rdrand hypervisor lahf_lm abm xsaveopt fsgsbase bmi1 avx2 smep bmi2 erms invpcid
bogomips	: 4789.06
clflush size	: 64
cache_alignment	: 64
address sizes	: 46 bits physical, 48 bits virtual
power management:



Memory: 4k page, physical 8175564k(122148k free), swap 0k(0k free)

vm_info: Java HotSpot(TM) 64-Bit Server VM (25.60-b23) for linux-amd64 JRE (1.8.0_60-b27), built on Aug  4 2015 12:19:40 by "java_re" with gcc 4.3.0 20080428 (Red Hat 4.3.0-8)

time: Wed Mar 16 10:52:00 2016
elapsed time: 90 seconds (0d 0h 1m 30s)

